Operating system: Microsoft Windows NT 6.2.9200.0
Opening INI file "E:\Users\Devon\Projects\crazysonic-cd\src\sonic\SonLVL INI Files\SonLVL.ini"...
Game type is S3K.
Loading Secret Zone...
Loading 16x16 blocks from file "../map16/Secret.bin", using compression Enigma...
Loading 128x128 chunks from file "../map128/Secret.unc", using compression Uncompressed...
Loading palette file "../palette/Sonic.bin"...
Source: 0 Destination: 0 Length: 16
Loading 8x8 tiles from file "../artnem/8x8 - Secret.bin", using compression Nemesis...
Loading palette file "../palette/Secret Zone.bin"...
Source: 0 Destination: 16 Length: 48
Loading type CrazySonic.Layout from "Layout.cs"...
Loading type from cached assembly "dllcache\CrazySonic.Layout.dll"...
Loading layout from file "../levels/secret.bin", using compression Uncompressed...
Loading object definition file "obj.ini".
Loading object definition file "obj128.ini".
Loading object definition file "objSecret.ini".
Loading ObjectDefinition type S1ObjectDefinitions.Common.PathSwapper from "Common\PathSwapper.cs"...
Loading type from cached assembly "dllcache\S1ObjectDefinitions.Common.PathSwapper.dll"...
Loading ObjectDefinition type S1ObjectDefinitions.Common.InvisibleBlock from "Common\InvisibleBlock.cs"...
Loading type from cached assembly "dllcache\S1ObjectDefinitions.Common.InvisibleBlock.dll"...
Loading ObjectDefinition type S1ObjectDefinitions.Secret.SwingingPlatform from "Secret\SwingingPlatform.cs"...
Loading type from cached assembly "dllcache\S1ObjectDefinitions.Secret.SwingingPlatform.dll"...
Loading ObjectDefinition type S1ObjectDefinitions.LZ.Spikeball from "LZ\Spikeball.cs"...
Loading type from cached assembly "dllcache\S1ObjectDefinitions.LZ.Spikeball.dll"...
Loading start position "Level Start" from file "../startpos/secret.bin"...
Loading rings from file "../ringpos/secret.bin", using compression Uncompressed...
Loading objects from file "../objpos/secret.bin", using compression Uncompressed...
Drawing block bitmaps...
Drawing chunk bitmaps...
Level loaded in 0.3099526 second(s).
Load completed.
Saving Secret Zone...
System.ComponentModel.Win32Exception (0x80004005): The system cannot find the file specified
   at System.Diagnostics.Process.StartWithShellExecuteEx(ProcessStartInfo startInfo)
   at System.Diagnostics.Process.Start()
   at System.Diagnostics.Process.Start(ProcessStartInfo startInfo)
   at SonicRetro.SonLVL.GUI.MainForm.buildAndRunToolStripMenuItem_Click(Object sender, EventArgs e) in C:\Programs\SonLVL\SonLVL\MainForm.cs:line 949
   at System.Windows.Forms.ToolStripItem.RaiseEvent(Object key, EventArgs e)
   at System.Windows.Forms.ToolStripMenuItem.OnClick(EventArgs e)
   at System.Windows.Forms.ToolStripItem.HandleClick(EventArgs e)
   at System.Windows.Forms.ToolStripItem.HandleMouseUp(MouseEventArgs e)
   at System.Windows.Forms.ToolStripItem.FireEventInteractive(EventArgs e, ToolStripItemEventType met)
   at System.Windows.Forms.ToolStripItem.FireEvent(EventArgs e, ToolStripItemEventType met)
   at System.Windows.Forms.ToolStrip.OnMouseUp(MouseEventArgs mea)
   at System.Windows.Forms.ToolStripDropDown.OnMouseUp(MouseEventArgs mea)
   at System.Windows.Forms.Control.WmMouseUp(Message& m, MouseButtons button, Int32 clicks)
   at System.Windows.Forms.Control.WndProc(Message& m)
   at System.Windows.Forms.ScrollableControl.WndProc(Message& m)
   at System.Windows.Forms.ToolStrip.WndProc(Message& m)
   at System.Windows.Forms.ToolStripDropDown.WndProc(Message& m)
   at System.Windows.Forms.Control.ControlNativeWindow.OnMessage(Message& m)
   at System.Windows.Forms.Control.ControlNativeWindow.WndProc(Message& m)
   at System.Windows.Forms.NativeWindow.Callback(IntPtr hWnd, Int32 msg, IntPtr wparam, IntPtr lparam)
